<?xml version="1.0" encoding="UTF-8"?>
<testng-results skipped="0" failed="0" ignored="0" total="1" passed="1">
  <reporter-output>
  </reporter-output>
  <suite name="Default suite" duration-ms="36803" started-at="2017-11-30T17:52:11Z" finished-at="2017-11-30T17:52:48Z">
    <groups>
    </groups>
    <test name="Default test" duration-ms="36803" started-at="2017-11-30T17:52:11Z" finished-at="2017-11-30T17:52:48Z">
      <class name="com.testing.FlightBookingTest">
        <test-method status="PASS" signature="setUp()[pri:0, instance:com.testing.FlightBookingTest@2f8f11]" name="setUp" is-config="true" duration-ms="16438" started-at="2017-11-30T12:52:11Z" finished-at="2017-11-30T12:52:28Z">
          <reporter-output>
          </reporter-output>
        </test-method> <!-- setUp -->
        <test-method status="PASS" signature="testThatResultsAppearForAOneWayJourney()[pri:0, instance:com.testing.FlightBookingTest@2f8f11]" name="testThatResultsAppearForAOneWayJourney" duration-ms="18075" started-at="2017-11-30T12:52:28Z" finished-at="2017-11-30T12:52:46Z">
          <reporter-output>
          </reporter-output>
        </test-method> <!-- testThatResultsAppearForAOneWayJourney -->
        <test-method status="PASS" signature="tearDown()[pri:0, instance:com.testing.FlightBookingTest@2f8f11]" name="tearDown" is-config="true" duration-ms="2211" started-at="2017-11-30T12:52:46Z" finished-at="2017-11-30T12:52:48Z">
          <reporter-output>
          </reporter-output>
        </test-method> <!-- tearDown -->
      </class> <!-- com.testing.FlightBookingTest -->
    </test> <!-- Default test -->
  </suite> <!-- Default suite -->
</testng-results>
