<?xml version="1.0" encoding="UTF-8"?>
<testng-results skipped="0" failed="0" ignored="0" total="1" passed="1">
  <reporter-output>
  </reporter-output>
  <suite name="Default suite" duration-ms="42823" started-at="2017-11-30T18:53:21Z" finished-at="2017-11-30T18:54:04Z">
    <groups>
    </groups>
    <test name="Default test" duration-ms="42823" started-at="2017-11-30T18:53:21Z" finished-at="2017-11-30T18:54:04Z">
      <class name="com.testing.HotelBookingTest">
        <test-method status="PASS" signature="setUp()[pri:0, instance:com.testing.HotelBookingTest@2f8f11]" name="setUp" is-config="true" duration-ms="16082" started-at="2017-11-30T13:53:21Z" finished-at="2017-11-30T13:53:37Z">
          <reporter-output>
          </reporter-output>
        </test-method> <!-- setUp -->
        <test-method status="PASS" signature="shouldBeAbleToSearchForHotels()[pri:0, instance:com.testing.HotelBookingTest@2f8f11]" name="shouldBeAbleToSearchForHotels" duration-ms="24485" started-at="2017-11-30T13:53:37Z" finished-at="2017-11-30T13:54:02Z">
          <reporter-output>
          </reporter-output>
        </test-method> <!-- shouldBeAbleToSearchForHotels -->
        <test-method status="PASS" signature="tearDown()[pri:0, instance:com.testing.HotelBookingTest@2f8f11]" name="tearDown" is-config="true" duration-ms="2187" started-at="2017-11-30T13:54:02Z" finished-at="2017-11-30T13:54:04Z">
          <reporter-output>
          </reporter-output>
        </test-method> <!-- tearDown -->
      </class> <!-- com.testing.HotelBookingTest -->
    </test> <!-- Default test -->
  </suite> <!-- Default suite -->
</testng-results>
